{"E:\\github\\zoe-skeleton-webpack-plugin\\lib\\index.js":{"path":"E:\\github\\zoe-skeleton-webpack-plugin\\lib\\index.js","s":{"1":1,"2":1,"3":1,"4":1,"5":1,"6":1,"7":1,"8":1,"9":1,"10":1,"11":0,"12":1,"13":0,"14":1},"b":{"1":[0,1],"2":[1,0]},"f":{"1":1,"2":1,"3":0,"4":0},"fnMap":{"1":{"name":"SkeletonPlugin","line":7,"loc":{"start":{"line":7,"column":0},"end":{"line":7,"column":26}}},"2":{"name":"(anonymous_2)","line":14,"loc":{"start":{"line":14,"column":40},"end":{"line":14,"column":52}}},"3":{"name":"(anonymous_3)","line":16,"loc":{"start":{"line":16,"column":24},"end":{"line":16,"column":39}}},"4":{"name":"(anonymous_4)","line":21,"loc":{"start":{"line":21,"column":33},"end":{"line":21,"column":53}}}},"statementMap":{"1":{"start":{"line":3,"column":0},"end":{"line":3,"column":36}},"2":{"start":{"line":4,"column":0},"end":{"line":4,"column":43}},"3":{"start":{"line":5,"column":0},"end":{"line":5,"column":33}},"4":{"start":{"line":7,"column":0},"end":{"line":12,"column":1}},"5":{"start":{"line":8,"column":2},"end":{"line":8,"column":87}},"6":{"start":{"line":10,"column":2},"end":{"line":10,"column":25}},"7":{"start":{"line":11,"column":2},"end":{"line":11,"column":21}},"8":{"start":{"line":14,"column":0},"end":{"line":19,"column":2}},"9":{"start":{"line":15,"column":2},"end":{"line":15,"column":54}},"10":{"start":{"line":16,"column":2},"end":{"line":18,"column":5}},"11":{"start":{"line":17,"column":4},"end":{"line":17,"column":25}},"12":{"start":{"line":21,"column":0},"end":{"line":23,"column":2}},"13":{"start":{"line":22,"column":2},"end":{"line":22,"column":22}},"14":{"start":{"line":25,"column":0},"end":{"line":25,"column":32}}},"branchMap":{"1":{"line":8,"type":"cond-expr","locations":[{"start":{"line":8,"column":69},"end":{"line":8,"column":81}},{"start":{"line":8,"column":84},"end":{"line":8,"column":86}}]},"2":{"line":8,"type":"binary-expr","locations":[{"start":{"line":8,"column":16},"end":{"line":8,"column":36}},{"start":{"line":8,"column":40},"end":{"line":8,"column":66}}]}}},"E:\\github\\zoe-skeleton-webpack-plugin\\lib\\config\\config.js":{"path":"E:\\github\\zoe-skeleton-webpack-plugin\\lib\\config\\config.js","s":{"1":1,"2":1,"3":1,"4":1,"5":1,"6":1},"b":{},"f":{},"fnMap":{},"statementMap":{"1":{"start":{"line":3,"column":0},"end":{"line":3,"column":45}},"2":{"start":{"line":5,"column":0},"end":{"line":67,"column":2}},"3":{"start":{"line":69,"column":0},"end":{"line":86,"column":2}},"4":{"start":{"line":88,"column":0},"end":{"line":98,"column":2}},"5":{"start":{"line":98,"column":2},"end":{"line":98,"column":90}},"6":{"start":{"line":100,"column":0},"end":{"line":106,"column":2}}},"branchMap":{}}}