{"E:\\github\\zoe-skeleton-webpack-plugin\\src\\index.js":{"path":"E:\\github\\zoe-skeleton-webpack-plugin\\src\\index.js","s":{"1":1,"2":1,"3":1,"4":1,"5":1,"6":1,"7":1,"8":1,"9":1,"10":0,"11":0,"12":0,"13":1,"14":0,"15":1},"b":{},"f":{"1":1,"2":0,"3":0},"fnMap":{"1":{"name":"SkeletonPlugin","line":6,"loc":{"start":{"line":6,"column":0},"end":{"line":6,"column":38}}},"2":{"name":"(anonymous_2)","line":12,"loc":{"start":{"line":12,"column":40},"end":{"line":12,"column":52}}},"3":{"name":"(anonymous_3)","line":17,"loc":{"start":{"line":17,"column":33},"end":{"line":17,"column":53}}}},"statementMap":{"1":{"start":{"line":1,"column":0},"end":{"line":1,"column":38}},"2":{"start":{"line":2,"column":0},"end":{"line":2,"column":43}},"3":{"start":{"line":3,"column":0},"end":{"line":3,"column":48}},"4":{"start":{"line":4,"column":0},"end":{"line":4,"column":35}},"5":{"start":{"line":6,"column":0},"end":{"line":10,"column":1}},"6":{"start":{"line":7,"column":2},"end":{"line":7,"column":25}},"7":{"start":{"line":8,"column":2},"end":{"line":8,"column":21}},"8":{"start":{"line":9,"column":2},"end":{"line":9,"column":20}},"9":{"start":{"line":12,"column":0},"end":{"line":15,"column":2}},"10":{"start":{"line":13,"column":2},"end":{"line":13,"column":56}},"11":{"start":{"line":14,"column":2},"end":{"line":14,"column":46}},"12":{"start":{"line":14,"column":31},"end":{"line":14,"column":44}},"13":{"start":{"line":17,"column":0},"end":{"line":19,"column":2}},"14":{"start":{"line":18,"column":2},"end":{"line":18,"column":22}},"15":{"start":{"line":21,"column":0},"end":{"line":21,"column":32}}},"branchMap":{}},"E:\\github\\zoe-skeleton-webpack-plugin\\src\\config\\config.js":{"path":"E:\\github\\zoe-skeleton-webpack-plugin\\src\\config\\config.js","s":{"1":1,"2":1,"3":1,"4":1,"5":1,"6":1},"b":{},"f":{},"fnMap":{},"statementMap":{"1":{"start":{"line":3,"column":0},"end":{"line":3,"column":46}},"2":{"start":{"line":5,"column":0},"end":{"line":67,"column":1}},"3":{"start":{"line":69,"column":0},"end":{"line":86,"column":1}},"4":{"start":{"line":88,"column":0},"end":{"line":96,"column":1}},"5":{"start":{"line":99,"column":0},"end":{"line":99,"column":89}},"6":{"start":{"line":101,"column":0},"end":{"line":107,"column":1}}},"branchMap":{}}}