TN:
SF:E:\github\zoe-skeleton-webpack-plugin\lib\index.js
FN:7,SkeletonPlugin
FN:14,(anonymous_2)
FN:16,(anonymous_3)
FN:21,(anonymous_4)
FNF:4
FNH:2
FNDA:1,SkeletonPlugin
FNDA:1,(anonymous_2)
FNDA:0,(anonymous_3)
FNDA:0,(anonymous_4)
DA:3,1
DA:4,1
DA:5,1
DA:7,1
DA:8,1
DA:10,1
DA:11,1
DA:14,1
DA:15,1
DA:16,1
DA:17,0
DA:21,1
DA:22,0
DA:25,1
LF:14
LH:12
BRDA:8,1,0,0
BRDA:8,1,1,1
BRDA:8,2,0,1
BRDA:8,2,1,0
BRF:4
BRH:2
end_of_record
TN:
SF:E:\github\zoe-skeleton-webpack-plugin\lib\config\config.js
FNF:0
FNH:0
DA:3,1
DA:5,1
DA:69,1
DA:88,1
DA:98,1
DA:100,1
LF:6
LH:6
BRF:0
BRH:0
end_of_record
